2025-07-18 12:43:03,504 - INFO - _log:119 - 🚀 Deployment session started - Log file: deployment_logs/deployment_20250718_124303.log
2025-07-18 12:43:03,504 - INFO - _log:119 - 📍 Working directory: /home/jack/Documents/cpweb
2025-07-18 12:43:03,504 - INFO - _log:119 - 🐍 Python version: 3.13.5 (main, Jun 12 2025, 00:00:00) [GCC 15.1.1 20250521 (Red Hat 15.1.1-2)]
2025-07-18 12:43:03,505 - INFO - _log:119 - 🚀 Deployment automation started
📊 Context: {
  "python_version": "3.13.5 (main, Jun 12 2025, 00:00:00) [GCC 15.1.1 20250521 (Red Hat 15.1.1-2)]",
  "working_directory": "/home/jack/Documents/cpweb",
  "command_line_args": [
    "deploy.py",
    "--quick"
  ]
}
2025-07-18 12:43:03,505 - INFO - _log:119 - 🔧 GitAutomation initialized
📊 Context: {
  "repo_path": ".",
  "absolute_path": "/home/jack/Documents/cpweb"
}
2025-07-18 12:43:03,505 - INFO - _log:119 - 🔄 Starting operation #1: Repository validation
2025-07-18 12:43:03,507 - INFO - _log:119 - ✅ Git repository validated
📊 Context: {
  "git_version": "git version 2.50.1",
  "git_dir_exists": true
}
2025-07-18 12:43:03,507 - INFO - _log:119 - ✅ ✅ COMPLETED operation: Repository validation
2025-07-18 12:43:03,507 - INFO - _log:119 - ✅ GitAutomation initialized successfully
2025-07-18 12:43:03,507 - INFO - _log:119 - Processing command line argument: --quick
2025-07-18 12:43:03,507 - INFO - _log:119 - 🔄 Starting operation #2: Quick deployment mode (CLI)
2025-07-18 12:43:03,507 - INFO - _log:119 - 🔄 Starting operation #3: Git status check
2025-07-18 12:43:03,507 - INFO - _log:119 - 🔍 Checking git repository status...
2025-07-18 12:43:03,519 - INFO - _log:119 - ✅ ✅ COMPLETED operation: Git status check
📊 Context: {
  "current_branch": "main",
  "modified_count": 4,
  "staged_count": 1,
  "untracked_count": 0,
  "modified_files": [
    "deployment_logs/deployment_20250718_122812.log",
    "deployment_logs/deployment_20250718_123151.log",
    "deployment_logs/deployment_20250718_123204.log",
    "test_parsing.py"
  ],
  "staged_files": [
    "pp.py"
  ],
  "untracked_files": [],
  "has_remote": true
}
2025-07-18 12:43:03,519 - INFO - _log:119 - Quick deploy: staging, committing, and pushing changes
2025-07-18 12:43:03,519 - INFO - _log:119 - 🔄 Starting operation #4: Stage files for commit
2025-07-18 12:43:03,519 - INFO - _log:119 - 📦 Staging all modified and untracked files...
2025-07-18 12:43:03,519 - INFO - _log:119 - Staging all files
📊 Context: {
  "total_files": 4,
  "modified_files": [
    "deployment_logs/deployment_20250718_122812.log",
    "deployment_logs/deployment_20250718_123151.log",
    "deployment_logs/deployment_20250718_123204.log",
    "test_parsing.py"
  ],
  "untracked_files": []
}
2025-07-18 12:43:03,524 - INFO - _log:119 - ✅ All files staged successfully
2025-07-18 12:43:03,524 - INFO - _log:119 - ✅ ✅ COMPLETED operation: Stage files for commit
📊 Context: {
  "method": "stage_all",
  "files_count": 4
}
2025-07-18 12:43:03,524 - INFO - _log:119 - 🔄 Starting operation #5: Commit staged changes
2025-07-18 12:43:03,532 - INFO - _log:119 - 🔄 Starting operation #6: Generate commit message
2025-07-18 12:43:03,533 - INFO - _log:119 - ✅ ✅ COMPLETED operation: Generate commit message
📊 Context: {
  "generated_message": "feat: enhance deployment automation and workflow scripts",
  "analysis": {
    "app_changes": true,
    "config_changes": false,
    "script_changes": true,
    "doc_changes": false,
    "deployment_changes": true,
    "requirements_changes": false,
    "total_files": 5,
    "file_types": {
      ".py": 2,
      ".log": 3
    }
  },
  "changed_files": [
    "app.py",
    "deployment_logs/deployment_20250718_122812.log",
    "deployment_logs/deployment_20250718_123151.log",
    "deployment_logs/deployment_20250718_123204.log",
    "test_parsing.py"
  ]
}
2025-07-18 12:43:03,533 - INFO - _log:119 - Using auto-generated commit message
📊 Context: {
  "message": "feat: enhance deployment automation and workflow scripts"
}
2025-07-18 12:43:03,533 - INFO - _log:119 - 💾 Committing with message: 'feat: enhance deployment automation and workflow scripts'
2025-07-18 12:43:03,533 - INFO - _log:119 - Executing commit
📊 Context: {
  "staged_files": [
    "app.py",
    "deployment_logs/deployment_20250718_122812.log",
    "deployment_logs/deployment_20250718_123151.log",
    "deployment_logs/deployment_20250718_123204.log",
    "test_parsing.py"
  ],
  "staged_count": 5,
  "timestamp": "2025-07-18T12:43:03.528834",
  "current_branch": "main",
  "parent_commit": "1e575111fc938bebf4ba322cb80b5e7dd851423d",
  "commit_message": "feat: enhance deployment automation and workflow scripts"
}
2025-07-18 12:43:03,541 - INFO - _log:119 - ✅ Commit successful!
2025-07-18 12:43:03,541 - INFO - _log:119 - ✅ ✅ COMPLETED operation: Commit staged changes
📊 Context: {
  "staged_files": [
    "app.py",
    "deployment_logs/deployment_20250718_122812.log",
    "deployment_logs/deployment_20250718_123151.log",
    "deployment_logs/deployment_20250718_123204.log",
    "test_parsing.py"
  ],
  "staged_count": 5,
  "timestamp": "2025-07-18T12:43:03.528834",
  "current_branch": "main",
  "parent_commit": "1e575111fc938bebf4ba322cb80b5e7dd851423d",
  "commit_message": "feat: enhance deployment automation and workflow scripts",
  "new_commit_hash": "895ab2403ad90d51f12effe6c51c69b465714c87"
}
2025-07-18 12:43:03,542 - INFO - _log:119 - 🔄 Starting operation #7: Push changes to remote
2025-07-18 12:43:03,545 - INFO - _log:119 - Found 1 commits to push
📊 Context: {
  "remote": "origin",
  "branch": "main",
  "timestamp": "2025-07-18T12:43:03.542074",
  "available_remotes": [
    "origin"
  ],
  "commits_ahead": 1
}
2025-07-18 12:43:03,546 - INFO - _log:119 - 🚀 Pushing to origin/main...
2025-07-18 12:43:04,738 - ERROR - _log:119 - ❌ Command failed: git push origin main
📊 Context: {
  "return_code": 1,
  "duration_ms": 1191.7930000000001,
  "stdout": "",
  "stderr": "To https://github.com/psam21/cp.git\n ! [rejected]        main -> main (fetch first)\nerror: failed to push some refs to 'https://github.com/psam21/cp.git'\nhint: Updates were rejected because the remote contains work that you do not\nhint: have locally. This is usually caused by another repository pushing to\nhint: the same ref. If you want to integrate the remote changes, use\nhint: 'git pull' before pushing again.\nhint: See the 'Note about fast-forwards' in 'git push --help' for details."
}
2025-07-18 12:43:04,738 - INFO - _log:119 - ❌ Push failed: To https://github.com/psam21/cp.git
 ! [rejected]        main -> main (fetch first)
error: failed to push some refs to 'https://github.com/psam21/cp.git'
hint: Updates were rejected because the remote contains work that you do not
hint: have locally. This is usually caused by another repository pushing to
hint: the same ref. If you want to integrate the remote changes, use
hint: 'git pull' before pushing again.
hint: See the 'Note about fast-forwards' in 'git push --help' for details.
2025-07-18 12:43:04,738 - ERROR - _log:119 - ❌ FAILED operation: Push changes to remote
📊 Context: {
  "remote": "origin",
  "branch": "main",
  "timestamp": "2025-07-18T12:43:03.542074",
  "available_remotes": [
    "origin"
  ],
  "commits_ahead": 1,
  "error_output": "To https://github.com/psam21/cp.git\n ! [rejected]        main -> main (fetch first)\nerror: failed to push some refs to 'https://github.com/psam21/cp.git'\nhint: Updates were rejected because the remote contains work that you do not\nhint: have locally. This is usually caused by another repository pushing to\nhint: the same ref. If you want to integrate the remote changes, use\nhint: 'git pull' before pushing again.\nhint: See the 'Note about fast-forwards' in 'git push --help' for details."
}
2025-07-18 12:43:04,738 - ERROR - _log:119 - ❌ FAILED operation: Quick deployment mode (CLI)
